<?xml version="1.0" encoding="UTF-8"?>
<testsuite xmlns:xsi="http://www.w3.org/2001/XMLSchema-instance" xsi:schemaLocation="https://maven.apache.org/surefire/maven-surefire-plugin/xsd/surefire-test-report.xsd" name="org.bitcoinj.core.PeerTest" time="4.657" tests="96" errors="0" skipped="0" failures="0">
  <properties>
    <property name="java.runtime.name" value="Java(TM) SE Runtime Environment"/>
    <property name="sun.boot.library.path" value="C:\Program Files\Java\jdk1.8.0_162\jre\bin"/>
    <property name="java.vm.version" value="25.162-b12"/>
    <property name="java.vm.vendor" value="Oracle Corporation"/>
    <property name="maven.multiModuleProjectDirectory" value="E:\FLO\desoto\bitcoinj"/>
    <property name="java.vendor.url" value="http://java.oracle.com/"/>
    <property name="path.separator" value=";"/>
    <property name="guice.disable.misplaced.annotation.check" value="true"/>
    <property name="java.vm.name" value="Java HotSpot(TM) 64-Bit Server VM"/>
    <property name="file.encoding.pkg" value="sun.io"/>
    <property name="user.script" value=""/>
    <property name="user.country" value="US"/>
    <property name="sun.java.launcher" value="SUN_STANDARD"/>
    <property name="sun.os.patch.level" value="Service Pack 1"/>
    <property name="java.vm.specification.name" value="Java Virtual Machine Specification"/>
    <property name="user.dir" value="E:\FLO\desoto\bitcoinj"/>
    <property name="java.runtime.version" value="1.8.0_162-b12"/>
    <property name="java.awt.graphicsenv" value="sun.awt.Win32GraphicsEnvironment"/>
    <property name="java.endorsed.dirs" value="C:\Program Files\Java\jdk1.8.0_162\jre\lib\endorsed"/>
    <property name="os.arch" value="amd64"/>
    <property name="java.io.tmpdir" value="C:\Users\RENGEL~1\AppData\Local\Temp\"/>
    <property name="line.separator" value="&#10;"/>
    <property name="java.vm.specification.vendor" value="Oracle Corporation"/>
    <property name="user.variant" value=""/>
    <property name="os.name" value="Windows 7"/>
    <property name="classworlds.conf" value="E:\apache-maven-3.5.2\bin\..\bin\m2.conf"/>
    <property name="sun.jnu.encoding" value="Cp1252"/>
    <property name="java.library.path" value="C:\Program Files\Java\jdk1.8.0_162\bin;C:\Windows\Sun\Java\bin;C:\Windows\system32;C:\Windows;C:\Program Files\Java\jdk1.8.0_162\bin;C:\Python27\;C:\Python27\Scripts;C:\Program Files (x86)\AMD APP;C:\Program Files (x86)\Mail Enable\BIN;C:\Windows\system32;C:\Windows;C:\Windows\System32\Wbem;C:\Windows\System32\WindowsPowerShell\v1.0\;C:\Program Files (x86)\ATI Technologies\ATI.ACE\Core-Static;C:\Program Files (x86)\Common Files\Acronis\SnapAPI\;E:\android-sdk\tools;E:\android-sdk\platform-tools;C:\Program Files (x86)\7ZipCL;c:\mingw\bin;C:\gradle-2.3\bin;C:\Program Files (x86)\AMD\ATI.ACE\Core-Static;C:\cygwin64\bin;C:\Program Files\dotnet\;E:\Program Files\nodejs\;E:\android-sdk\tools;E:\android-sdk\tools\bin;E:\android-sdk\platform-tools;C:\Users\rengelking\AppData\Local\atom\;C:\Users\rengelking\AppData\Local\Android\Sdk\platform-tools;E:\Program Files\MySQL\MySQL Server 5.5\bin;C:\Program Files\Microsoft SQL Server\130\Tools\Binn\;e:\Program Files\Git\cmd;C:\ProgramData\chocolatey\bin;C:\Program Files (x86)\Nmap;C:\Users\rengelking\AppData\Roaming\npm;C:\Users\rengelking\AppData\Local\atom\bin;C:\Users\rengelking\AppData\Local\.meteor\;E:\apache-maven-3.5.2\bin;."/>
    <property name="maven.conf" value="E:\apache-maven-3.5.2\bin\../conf"/>
    <property name="java.specification.name" value="Java Platform API Specification"/>
    <property name="java.class.version" value="52.0"/>
    <property name="sun.management.compiler" value="HotSpot 64-Bit Tiered Compilers"/>
    <property name="os.version" value="6.1"/>
    <property name="library.jansi.path" value="E:\apache-maven-3.5.2\bin\..\lib\jansi-native"/>
    <property name="user.home" value="C:\Users\rengelking"/>
    <property name="user.timezone" value="America/New_York"/>
    <property name="java.awt.printerjob" value="sun.awt.windows.WPrinterJob"/>
    <property name="java.specification.version" value="1.8"/>
    <property name="file.encoding" value="Cp1252"/>
    <property name="user.name" value="rengelking"/>
    <property name="java.class.path" value="E:\apache-maven-3.5.2\bin\..\boot\plexus-classworlds-2.5.2.jar"/>
    <property name="java.vm.specification.version" value="1.8"/>
    <property name="sun.arch.data.model" value="64"/>
    <property name="java.home" value="C:\Program Files\Java\jdk1.8.0_162\jre"/>
    <property name="sun.java.command" value="org.codehaus.plexus.classworlds.launcher.Launcher clean package"/>
    <property name="java.specification.vendor" value="Oracle Corporation"/>
    <property name="user.language" value="en"/>
    <property name="awt.toolkit" value="sun.awt.windows.WToolkit"/>
    <property name="java.vm.info" value="mixed mode"/>
    <property name="java.version" value="1.8.0_162"/>
    <property name="java.ext.dirs" value="C:\Program Files\Java\jdk1.8.0_162\jre\lib\ext;C:\Windows\Sun\Java\lib\ext"/>
    <property name="sun.boot.class.path" value="C:\Program Files\Java\jdk1.8.0_162\jre\lib\resources.jar;C:\Program Files\Java\jdk1.8.0_162\jre\lib\rt.jar;C:\Program Files\Java\jdk1.8.0_162\jre\lib\sunrsasign.jar;C:\Program Files\Java\jdk1.8.0_162\jre\lib\jsse.jar;C:\Program Files\Java\jdk1.8.0_162\jre\lib\jce.jar;C:\Program Files\Java\jdk1.8.0_162\jre\lib\charsets.jar;C:\Program Files\Java\jdk1.8.0_162\jre\lib\jfr.jar;C:\Program Files\Java\jdk1.8.0_162\jre\classes"/>
    <property name="sun.stderr.encoding" value="cp437"/>
    <property name="java.vendor" value="Oracle Corporation"/>
    <property name="maven.home" value="E:\apache-maven-3.5.2\bin\.."/>
    <property name="file.separator" value="\"/>
    <property name="java.vendor.url.bug" value="http://bugreport.sun.com/bugreport/"/>
    <property name="sun.cpu.endian" value="little"/>
    <property name="sun.io.unicode.encoding" value="UnicodeLittle"/>
    <property name="sun.stdout.encoding" value="cp437"/>
    <property name="sun.desktop" value="windows"/>
    <property name="sun.cpu.isalist" value="amd64"/>
  </properties>
  <testcase name="recursiveDependencyDownloadDisabled[0]" classname="org.bitcoinj.core.PeerTest" time="0.029"/>
  <testcase name="testAddConnectedEventListener[0]" classname="org.bitcoinj.core.PeerTest" time="0.136"/>
  <testcase name="acceptTimeLockedDependency[0]" classname="org.bitcoinj.core.PeerTest" time="0.071"/>
  <testcase name="timeLockedTransactionNew[0]" classname="org.bitcoinj.core.PeerTest" time="0.068"/>
  <testcase name="invDownloadTx[0]" classname="org.bitcoinj.core.PeerTest" time="0.044"/>
  <testcase name="disconnectOldVersions1[0]" classname="org.bitcoinj.core.PeerTest" time="0.038"/>
  <testcase name="rejectTimeLockedDependency[0]" classname="org.bitcoinj.core.PeerTest" time="0.067"/>
  <testcase name="invNoDownload[0]" classname="org.bitcoinj.core.PeerTest" time="0.045"/>
  <testcase name="badMessage[0]" classname="org.bitcoinj.core.PeerTest" time="0.039"/>
  <testcase name="pingPong[0]" classname="org.bitcoinj.core.PeerTest" time="0.038"/>
  <testcase name="shutdown[0]" classname="org.bitcoinj.core.PeerTest" time="0.028"/>
  <testcase name="fastCatchup[0]" classname="org.bitcoinj.core.PeerTest" time="0.045"/>
  <testcase name="chainDownloadEnd2End[0]" classname="org.bitcoinj.core.PeerTest" time="0.046"/>
  <testcase name="testAddDisconnectedEventListener[0]" classname="org.bitcoinj.core.PeerTest" time="0.039"/>
  <testcase name="exceptionListener[0]" classname="org.bitcoinj.core.PeerTest" time="0.041"/>
  <testcase name="startBlockChainDownload[0]" classname="org.bitcoinj.core.PeerTest" time="0.04"/>
  <testcase name="newBlock[0]" classname="org.bitcoinj.core.PeerTest" time="0.055"/>
  <testcase name="recursiveDependencyDownload_depthLimited[0]" classname="org.bitcoinj.core.PeerTest" time="0.038"/>
  <testcase name="getLargeBlock[0]" classname="org.bitcoinj.core.PeerTest" time="0.083"/>
  <testcase name="recursiveDependencyDownload[0]" classname="org.bitcoinj.core.PeerTest" time="0.043"/>
  <testcase name="invDownloadTxMultiPeer[0]" classname="org.bitcoinj.core.PeerTest" time="0.044"/>
  <testcase name="invTickle[0]" classname="org.bitcoinj.core.PeerTest" time="0.04"/>
  <testcase name="getBlock[0]" classname="org.bitcoinj.core.PeerTest" time="0.037"/>
  <testcase name="getUTXOs[0]" classname="org.bitcoinj.core.PeerTest" time="0.036"/>
  <testcase name="recursiveDependencyDownloadDisabled[1]" classname="org.bitcoinj.core.PeerTest" time="0.043"/>
  <testcase name="testAddConnectedEventListener[1]" classname="org.bitcoinj.core.PeerTest" time="0.059"/>
  <testcase name="acceptTimeLockedDependency[1]" classname="org.bitcoinj.core.PeerTest" time="0.101"/>
  <testcase name="timeLockedTransactionNew[1]" classname="org.bitcoinj.core.PeerTest" time="0.072"/>
  <testcase name="invDownloadTx[1]" classname="org.bitcoinj.core.PeerTest" time="0.045"/>
  <testcase name="disconnectOldVersions1[1]" classname="org.bitcoinj.core.PeerTest" time="0.066"/>
  <testcase name="rejectTimeLockedDependency[1]" classname="org.bitcoinj.core.PeerTest" time="0.069"/>
  <testcase name="invNoDownload[1]" classname="org.bitcoinj.core.PeerTest" time="0.071"/>
  <testcase name="badMessage[1]" classname="org.bitcoinj.core.PeerTest" time="0.044"/>
  <testcase name="pingPong[1]" classname="org.bitcoinj.core.PeerTest" time="0.039"/>
  <testcase name="shutdown[1]" classname="org.bitcoinj.core.PeerTest" time="0.062"/>
  <testcase name="fastCatchup[1]" classname="org.bitcoinj.core.PeerTest" time="0.044"/>
  <testcase name="chainDownloadEnd2End[1]" classname="org.bitcoinj.core.PeerTest" time="0.047"/>
  <testcase name="testAddDisconnectedEventListener[1]" classname="org.bitcoinj.core.PeerTest" time="0.037"/>
  <testcase name="exceptionListener[1]" classname="org.bitcoinj.core.PeerTest" time="0.04"/>
  <testcase name="startBlockChainDownload[1]" classname="org.bitcoinj.core.PeerTest" time="0.04"/>
  <testcase name="newBlock[1]" classname="org.bitcoinj.core.PeerTest" time="0.039"/>
  <testcase name="recursiveDependencyDownload_depthLimited[1]" classname="org.bitcoinj.core.PeerTest" time="0.038"/>
  <testcase name="getLargeBlock[1]" classname="org.bitcoinj.core.PeerTest" time="0.099"/>
  <testcase name="recursiveDependencyDownload[1]" classname="org.bitcoinj.core.PeerTest" time="0.041"/>
  <testcase name="invDownloadTxMultiPeer[1]" classname="org.bitcoinj.core.PeerTest" time="0.044"/>
  <testcase name="invTickle[1]" classname="org.bitcoinj.core.PeerTest" time="0.039"/>
  <testcase name="getBlock[1]" classname="org.bitcoinj.core.PeerTest" time="0.037"/>
  <testcase name="getUTXOs[1]" classname="org.bitcoinj.core.PeerTest" time="0.036"/>
  <testcase name="recursiveDependencyDownloadDisabled[2]" classname="org.bitcoinj.core.PeerTest" time="0.049"/>
  <testcase name="testAddConnectedEventListener[2]" classname="org.bitcoinj.core.PeerTest" time="0.036"/>
  <testcase name="acceptTimeLockedDependency[2]" classname="org.bitcoinj.core.PeerTest" time="0.067"/>
  <testcase name="timeLockedTransactionNew[2]" classname="org.bitcoinj.core.PeerTest" time="0.076"/>
  <testcase name="invDownloadTx[2]" classname="org.bitcoinj.core.PeerTest" time="0.036"/>
  <testcase name="disconnectOldVersions1[2]" classname="org.bitcoinj.core.PeerTest" time="0.035"/>
  <testcase name="rejectTimeLockedDependency[2]" classname="org.bitcoinj.core.PeerTest" time="0.077"/>
  <testcase name="invNoDownload[2]" classname="org.bitcoinj.core.PeerTest" time="0.04"/>
  <testcase name="badMessage[2]" classname="org.bitcoinj.core.PeerTest" time="0.047"/>
  <testcase name="pingPong[2]" classname="org.bitcoinj.core.PeerTest" time="0.039"/>
  <testcase name="shutdown[2]" classname="org.bitcoinj.core.PeerTest" time="0.036"/>
  <testcase name="fastCatchup[2]" classname="org.bitcoinj.core.PeerTest" time="0.043"/>
  <testcase name="chainDownloadEnd2End[2]" classname="org.bitcoinj.core.PeerTest" time="0.049"/>
  <testcase name="testAddDisconnectedEventListener[2]" classname="org.bitcoinj.core.PeerTest" time="0.039"/>
  <testcase name="exceptionListener[2]" classname="org.bitcoinj.core.PeerTest" time="0.039"/>
  <testcase name="startBlockChainDownload[2]" classname="org.bitcoinj.core.PeerTest" time="0.039"/>
  <testcase name="newBlock[2]" classname="org.bitcoinj.core.PeerTest" time="0.041"/>
  <testcase name="recursiveDependencyDownload_depthLimited[2]" classname="org.bitcoinj.core.PeerTest" time="0.042"/>
  <testcase name="getLargeBlock[2]" classname="org.bitcoinj.core.PeerTest" time="0.079"/>
  <testcase name="recursiveDependencyDownload[2]" classname="org.bitcoinj.core.PeerTest" time="0.041"/>
  <testcase name="invDownloadTxMultiPeer[2]" classname="org.bitcoinj.core.PeerTest" time="0.044"/>
  <testcase name="invTickle[2]" classname="org.bitcoinj.core.PeerTest" time="0.039"/>
  <testcase name="getBlock[2]" classname="org.bitcoinj.core.PeerTest" time="0.04"/>
  <testcase name="getUTXOs[2]" classname="org.bitcoinj.core.PeerTest" time="0.043"/>
  <testcase name="recursiveDependencyDownloadDisabled[3]" classname="org.bitcoinj.core.PeerTest" time="0.038"/>
  <testcase name="testAddConnectedEventListener[3]" classname="org.bitcoinj.core.PeerTest" time="0.035"/>
  <testcase name="acceptTimeLockedDependency[3]" classname="org.bitcoinj.core.PeerTest" time="0.068"/>
  <testcase name="timeLockedTransactionNew[3]" classname="org.bitcoinj.core.PeerTest" time="0.073"/>
  <testcase name="invDownloadTx[3]" classname="org.bitcoinj.core.PeerTest" time="0.038"/>
  <testcase name="disconnectOldVersions1[3]" classname="org.bitcoinj.core.PeerTest" time="0.034"/>
  <testcase name="rejectTimeLockedDependency[3]" classname="org.bitcoinj.core.PeerTest" time="0.074"/>
  <testcase name="invNoDownload[3]" classname="org.bitcoinj.core.PeerTest" time="0.037"/>
  <testcase name="badMessage[3]" classname="org.bitcoinj.core.PeerTest" time="0.035"/>
  <testcase name="pingPong[3]" classname="org.bitcoinj.core.PeerTest" time="0.036"/>
  <testcase name="shutdown[3]" classname="org.bitcoinj.core.PeerTest" time="0.036"/>
  <testcase name="fastCatchup[3]" classname="org.bitcoinj.core.PeerTest" time="0.039"/>
  <testcase name="chainDownloadEnd2End[3]" classname="org.bitcoinj.core.PeerTest" time="0.046"/>
  <testcase name="testAddDisconnectedEventListener[3]" classname="org.bitcoinj.core.PeerTest" time="0.04"/>
  <testcase name="exceptionListener[3]" classname="org.bitcoinj.core.PeerTest" time="0.037"/>
  <testcase name="startBlockChainDownload[3]" classname="org.bitcoinj.core.PeerTest" time="0.04"/>
  <testcase name="newBlock[3]" classname="org.bitcoinj.core.PeerTest" time="0.036"/>
  <testcase name="recursiveDependencyDownload_depthLimited[3]" classname="org.bitcoinj.core.PeerTest" time="0.043"/>
  <testcase name="getLargeBlock[3]" classname="org.bitcoinj.core.PeerTest" time="0.077"/>
  <testcase name="recursiveDependencyDownload[3]" classname="org.bitcoinj.core.PeerTest" time="0.04"/>
  <testcase name="invDownloadTxMultiPeer[3]" classname="org.bitcoinj.core.PeerTest" time="0.042"/>
  <testcase name="invTickle[3]" classname="org.bitcoinj.core.PeerTest" time="0.04"/>
  <testcase name="getBlock[3]" classname="org.bitcoinj.core.PeerTest" time="0.036"/>
  <testcase name="getUTXOs[3]" classname="org.bitcoinj.core.PeerTest" time="0.039"/>
</testsuite>