<?xml version="1.0" encoding="UTF-8"?>
<testsuite xmlns:xsi="http://www.w3.org/2001/XMLSchema-instance" xsi:schemaLocation="https://maven.apache.org/surefire/maven-surefire-plugin/xsd/surefire-test-report.xsd" name="org.bitcoinj.wallet.WalletTest" time="17.43" tests="122" errors="0" skipped="1" failures="0">
  <properties>
    <property name="java.runtime.name" value="Java(TM) SE Runtime Environment"/>
    <property name="sun.boot.library.path" value="C:\Program Files\Java\jdk1.8.0_162\jre\bin"/>
    <property name="java.vm.version" value="25.162-b12"/>
    <property name="java.vm.vendor" value="Oracle Corporation"/>
    <property name="maven.multiModuleProjectDirectory" value="E:\FLO\desoto\bitcoinj"/>
    <property name="java.vendor.url" value="http://java.oracle.com/"/>
    <property name="path.separator" value=";"/>
    <property name="guice.disable.misplaced.annotation.check" value="true"/>
    <property name="java.vm.name" value="Java HotSpot(TM) 64-Bit Server VM"/>
    <property name="file.encoding.pkg" value="sun.io"/>
    <property name="user.script" value=""/>
    <property name="user.country" value="US"/>
    <property name="sun.java.launcher" value="SUN_STANDARD"/>
    <property name="sun.os.patch.level" value="Service Pack 1"/>
    <property name="java.vm.specification.name" value="Java Virtual Machine Specification"/>
    <property name="user.dir" value="E:\FLO\desoto\bitcoinj"/>
    <property name="java.runtime.version" value="1.8.0_162-b12"/>
    <property name="java.awt.graphicsenv" value="sun.awt.Win32GraphicsEnvironment"/>
    <property name="java.endorsed.dirs" value="C:\Program Files\Java\jdk1.8.0_162\jre\lib\endorsed"/>
    <property name="os.arch" value="amd64"/>
    <property name="java.io.tmpdir" value="C:\Users\RENGEL~1\AppData\Local\Temp\"/>
    <property name="line.separator" value="&#10;"/>
    <property name="java.vm.specification.vendor" value="Oracle Corporation"/>
    <property name="user.variant" value=""/>
    <property name="os.name" value="Windows 7"/>
    <property name="classworlds.conf" value="E:\apache-maven-3.5.2\bin\..\bin\m2.conf"/>
    <property name="sun.jnu.encoding" value="Cp1252"/>
    <property name="java.library.path" value="C:\Program Files\Java\jdk1.8.0_162\bin;C:\Windows\Sun\Java\bin;C:\Windows\system32;C:\Windows;C:\Program Files\Java\jdk1.8.0_162\bin;C:\Python27\;C:\Python27\Scripts;C:\Program Files (x86)\AMD APP;C:\Program Files (x86)\Mail Enable\BIN;C:\Windows\system32;C:\Windows;C:\Windows\System32\Wbem;C:\Windows\System32\WindowsPowerShell\v1.0\;C:\Program Files (x86)\ATI Technologies\ATI.ACE\Core-Static;C:\Program Files (x86)\Common Files\Acronis\SnapAPI\;E:\android-sdk\tools;E:\android-sdk\platform-tools;C:\Program Files (x86)\7ZipCL;c:\mingw\bin;C:\gradle-2.3\bin;C:\Program Files (x86)\AMD\ATI.ACE\Core-Static;C:\cygwin64\bin;C:\Program Files\dotnet\;E:\Program Files\nodejs\;E:\android-sdk\tools;E:\android-sdk\tools\bin;E:\android-sdk\platform-tools;C:\Users\rengelking\AppData\Local\atom\;C:\Users\rengelking\AppData\Local\Android\Sdk\platform-tools;E:\Program Files\MySQL\MySQL Server 5.5\bin;C:\Program Files\Microsoft SQL Server\130\Tools\Binn\;e:\Program Files\Git\cmd;C:\ProgramData\chocolatey\bin;C:\Program Files (x86)\Nmap;C:\Users\rengelking\AppData\Roaming\npm;C:\Users\rengelking\AppData\Local\atom\bin;C:\Users\rengelking\AppData\Local\.meteor\;E:\apache-maven-3.5.2\bin;."/>
    <property name="maven.conf" value="E:\apache-maven-3.5.2\bin\../conf"/>
    <property name="java.specification.name" value="Java Platform API Specification"/>
    <property name="java.class.version" value="52.0"/>
    <property name="sun.management.compiler" value="HotSpot 64-Bit Tiered Compilers"/>
    <property name="os.version" value="6.1"/>
    <property name="library.jansi.path" value="E:\apache-maven-3.5.2\bin\..\lib\jansi-native"/>
    <property name="user.home" value="C:\Users\rengelking"/>
    <property name="user.timezone" value="America/New_York"/>
    <property name="java.awt.printerjob" value="sun.awt.windows.WPrinterJob"/>
    <property name="java.specification.version" value="1.8"/>
    <property name="file.encoding" value="Cp1252"/>
    <property name="user.name" value="rengelking"/>
    <property name="java.class.path" value="E:\apache-maven-3.5.2\bin\..\boot\plexus-classworlds-2.5.2.jar"/>
    <property name="java.vm.specification.version" value="1.8"/>
    <property name="sun.arch.data.model" value="64"/>
    <property name="java.home" value="C:\Program Files\Java\jdk1.8.0_162\jre"/>
    <property name="sun.java.command" value="org.codehaus.plexus.classworlds.launcher.Launcher clean package"/>
    <property name="java.specification.vendor" value="Oracle Corporation"/>
    <property name="user.language" value="en"/>
    <property name="awt.toolkit" value="sun.awt.windows.WToolkit"/>
    <property name="java.vm.info" value="mixed mode"/>
    <property name="java.version" value="1.8.0_162"/>
    <property name="java.ext.dirs" value="C:\Program Files\Java\jdk1.8.0_162\jre\lib\ext;C:\Windows\Sun\Java\lib\ext"/>
    <property name="sun.boot.class.path" value="C:\Program Files\Java\jdk1.8.0_162\jre\lib\resources.jar;C:\Program Files\Java\jdk1.8.0_162\jre\lib\rt.jar;C:\Program Files\Java\jdk1.8.0_162\jre\lib\sunrsasign.jar;C:\Program Files\Java\jdk1.8.0_162\jre\lib\jsse.jar;C:\Program Files\Java\jdk1.8.0_162\jre\lib\jce.jar;C:\Program Files\Java\jdk1.8.0_162\jre\lib\charsets.jar;C:\Program Files\Java\jdk1.8.0_162\jre\lib\jfr.jar;C:\Program Files\Java\jdk1.8.0_162\jre\classes"/>
    <property name="sun.stderr.encoding" value="cp437"/>
    <property name="java.vendor" value="Oracle Corporation"/>
    <property name="maven.home" value="E:\apache-maven-3.5.2\bin\.."/>
    <property name="file.separator" value="\"/>
    <property name="java.vendor.url.bug" value="http://bugreport.sun.com/bugreport/"/>
    <property name="sun.cpu.endian" value="little"/>
    <property name="sun.io.unicode.encoding" value="UnicodeLittle"/>
    <property name="sun.stdout.encoding" value="cp437"/>
    <property name="sun.desktop" value="windows"/>
    <property name="sun.cpu.isalist" value="amd64"/>
  </properties>
  <testcase name="completeTxPartiallySignedMarriedThrows" classname="org.bitcoinj.wallet.WalletTest" time="0.092"/>
  <testcase name="removeScriptsBloomFilter" classname="org.bitcoinj.wallet.WalletTest" time="0.047"/>
  <testcase name="sendMultipleCentsTest" classname="org.bitcoinj.wallet.WalletTest" time="0.041"/>
  <testcase name="cleanupFailsDueToSpend" classname="org.bitcoinj.wallet.WalletTest" time="0.049"/>
  <testcase name="spendOutputFromPendingTransaction" classname="org.bitcoinj.wallet.WalletTest" time="0.033"/>
  <testcase name="isConsistent_pools" classname="org.bitcoinj.wallet.WalletTest" time="0.031"/>
  <testcase name="isConsistent_spent" classname="org.bitcoinj.wallet.WalletTest" time="0.029"/>
  <testcase name="keyRotationHD" classname="org.bitcoinj.wallet.WalletTest" time="0.09"/>
  <testcase name="balances" classname="org.bitcoinj.wallet.WalletTest" time="0.03"/>
  <testcase name="txSpendingDeadTx" classname="org.bitcoinj.wallet.WalletTest" time="0.038"/>
  <testcase name="sideChain" classname="org.bitcoinj.wallet.WalletTest" time="0.028"/>
  <testcase name="twoOpReturnsPerTransactionTest" classname="org.bitcoinj.wallet.WalletTest" time="0.029"/>
  <testcase name="completeTxPartiallySignedThrows" classname="org.bitcoinj.wallet.WalletTest" time="0.048"/>
  <testcase name="watchingWalletWithCreationTime" classname="org.bitcoinj.wallet.WalletTest" time="0.019"/>
  <testcase name="watchingScriptsConfirmed" classname="org.bitcoinj.wallet.WalletTest" time="0.03"/>
  <testcase name="isTxConsistentReturnsFalseAsExpected" classname="org.bitcoinj.wallet.WalletTest" time="0.104"/>
  <testcase name="replayWhilstPending" classname="org.bitcoinj.wallet.WalletTest" time="0.03"/>
  <testcase name="getSeedAsWords1" classname="org.bitcoinj.wallet.WalletTest" time="0.02"/>
  <testcase name="sendRequestMemo" classname="org.bitcoinj.wallet.WalletTest" time="0.032"/>
  <testcase name="coinSelection_coinTimesDepth" classname="org.bitcoinj.wallet.WalletTest" time="0.084"/>
  <testcase name="sendDustTest" classname="org.bitcoinj.wallet.WalletTest" time="0.03"/>
  <testcase name="addUnencryptedKeyToEncryptedWallet" classname="org.bitcoinj.wallet.WalletTest" time="0.379"/>
  <testcase name="testEmptyRandomWallet" classname="org.bitcoinj.wallet.WalletTest" time="0.063"/>
  <testcase name="testCompleteTxWithExistingInputs" classname="org.bitcoinj.wallet.WalletTest" time="0.042"/>
  <testcase name="transactionGetFeeTest" classname="org.bitcoinj.wallet.WalletTest" time="0.039"/>
  <testcase name="sendDustAndOpReturnWithoutValueTest" classname="org.bitcoinj.wallet.WalletTest" time="0.029"/>
  <testcase name="completeTxPartiallySignedMarriedWithDummySigs" classname="org.bitcoinj.wallet.WalletTest" time="0.116"/>
  <testcase name="bounce" classname="org.bitcoinj.wallet.WalletTest" time="0.033"/>
  <testcase name="completeTxPartiallySignedMarriedThrowsByDefault" classname="org.bitcoinj.wallet.WalletTest" time="0.115"/>
  <testcase name="opReturnTwoOutputsTest" classname="org.bitcoinj.wallet.WalletTest" time="0.03"/>
  <testcase name="keyRotationRandom" classname="org.bitcoinj.wallet.WalletTest" time="0.072"/>
  <testcase name="opReturnMaxBytes" classname="org.bitcoinj.wallet.WalletTest" time="0.029"/>
  <testcase name="childPaysForParent" classname="org.bitcoinj.wallet.WalletTest" time="0.03"/>
  <testcase name="importOfHDKeyForbidden" classname="org.bitcoinj.wallet.WalletTest" time="0.027"/>
  <testcase name="fromKeys" classname="org.bitcoinj.wallet.WalletTest" time="0.056"/>
  <testcase name="ageMattersDuringSelection" classname="org.bitcoinj.wallet.WalletTest" time="0.041"/>
  <testcase name="upgradeToHDEncrypted" classname="org.bitcoinj.wallet.WalletTest" time="0.331"/>
  <testcase name="encryptionDecryptionBadPassword" classname="org.bitcoinj.wallet.WalletTest" time="0.621"/>
  <testcase name="opReturnOneOutputTest" classname="org.bitcoinj.wallet.WalletTest" time="0.029"/>
  <testcase name="spendToSameWallet" classname="org.bitcoinj.wallet.WalletTest" time="0.03"/>
  <testcase name="completeTxPartiallySignedWithDummySigs" classname="org.bitcoinj.wallet.WalletTest" time="0.032"/>
  <testcase name="doubleSpendWeCreate" classname="org.bitcoinj.wallet.WalletTest" time="0.065"/>
  <testcase name="lastBlockSeen" classname="org.bitcoinj.wallet.WalletTest" time="0.043"/>
  <testcase name="mismatchedCrypter" classname="org.bitcoinj.wallet.WalletTest" time="0.591"/>
  <testcase name="sendRequestExchangeRate" classname="org.bitcoinj.wallet.WalletTest" time="0.031"/>
  <testcase name="keyCreationTime" classname="org.bitcoinj.wallet.WalletTest" time="0.054"/>
  <testcase name="doubleSpendForBuildingTx" classname="org.bitcoinj.wallet.WalletTest" time="0.032"/>
  <testcase name="higherThanDefaultFee" classname="org.bitcoinj.wallet.WalletTest" time="0.032"/>
  <testcase name="sendRequestP2PKHTest" classname="org.bitcoinj.wallet.WalletTest" time="0.026"/>
  <testcase name="balanceWithIdenticalOutputs" classname="org.bitcoinj.wallet.WalletTest" time="0.026"/>
  <testcase name="doubleSpendFinneyAttack" classname="org.bitcoinj.wallet.WalletTest" time="0.033"/>
  <testcase name="basicFeeSolverTests" classname="org.bitcoinj.wallet.WalletTest" time="0.035"/>
  <testcase name="respectMaxStandardSize" classname="org.bitcoinj.wallet.WalletTest" time="0.049"/>
  <testcase name="sendCoinsWithBroadcasterTest" classname="org.bitcoinj.wallet.WalletTest" time="0.028"/>
  <testcase name="balance" classname="org.bitcoinj.wallet.WalletTest" time="0.031"/>
  <testcase name="watchingScriptsSentFrom" classname="org.bitcoinj.wallet.WalletTest" time="0.037"/>
  <testcase name="shouldNotAddTransactionSignerThatIsNotReady" classname="org.bitcoinj.wallet.WalletTest" time="0.024"/>
  <testcase name="marriedKeychainBloomFilter" classname="org.bitcoinj.wallet.WalletTest" time="0.118"/>
  <testcase name="thresholdShouldNotExceedNumberOfKeys" classname="org.bitcoinj.wallet.WalletTest" time="0.105"/>
  <testcase name="isWatching" classname="org.bitcoinj.wallet.WalletTest" time="0.314"/>
  <testcase name="feeSolverAndCoinSelectionTest_dustySendRequested" classname="org.bitcoinj.wallet.WalletTest" time="0.031"/>
  <testcase name="opReturnOneOutputWithValueTest" classname="org.bitcoinj.wallet.WalletTest" time="0.031"/>
  <testcase name="doubleSpendUnspendsOtherInputs" classname="org.bitcoinj.wallet.WalletTest" time="0.033"/>
  <testcase name="sendDustAndMessageWithValueTest" classname="org.bitcoinj.wallet.WalletTest" time="0.03"/>
  <testcase name="transactionInBlockNotification" classname="org.bitcoinj.wallet.WalletTest" time="0.03"/>
  <testcase name="riskAnalysis" classname="org.bitcoinj.wallet.WalletTest" time="0.03"/>
  <testcase name="keyRotationHD2" classname="org.bitcoinj.wallet.WalletTest" time="0.084"/>
  <testcase name="addEncryptedKeyToUnencryptedWallet" classname="org.bitcoinj.wallet.WalletTest" time="0.599"/>
  <testcase name="watchingWallet" classname="org.bitcoinj.wallet.WalletTest" time="0.032"/>
  <testcase name="changePasswordTest" classname="org.bitcoinj.wallet.WalletTest" time="1.427"/>
  <testcase name="doubleSpendWeReceive" classname="org.bitcoinj.wallet.WalletTest" time="0.029"/>
  <testcase name="removeWatchedAddress" classname="org.bitcoinj.wallet.WalletTest" time="0.027"/>
  <testcase name="lowerThanDefaultFee" classname="org.bitcoinj.wallet.WalletTest" time="0.032"/>
  <testcase name="reset" classname="org.bitcoinj.wallet.WalletTest" time="0.03"/>
  <testcase name="changeAesKeyTest" classname="org.bitcoinj.wallet.WalletTest" time="0.885"/>
  <testcase name="spendingWithIncompatibleSigners" classname="org.bitcoinj.wallet.WalletTest" time="0.033"/>
  <testcase name="testCategory2WithChange" classname="org.bitcoinj.wallet.WalletTest" time="0.176"/>
  <testcase name="basicSpendingToP2SH" classname="org.bitcoinj.wallet.WalletTest" time="0.038"/>
  <testcase name="testAddTransactionsDependingOn" classname="org.bitcoinj.wallet.WalletTest" time="0.034"/>
  <testcase name="customTransactionSpending" classname="org.bitcoinj.wallet.WalletTest" time="0.03"/>
  <testcase name="blockChainCatchup" classname="org.bitcoinj.wallet.WalletTest" time="0.035"/>
  <testcase name="pending1" classname="org.bitcoinj.wallet.WalletTest" time="0.031"/>
  <testcase name="pending2" classname="org.bitcoinj.wallet.WalletTest" time="0.031"/>
  <testcase name="pending3" classname="org.bitcoinj.wallet.WalletTest" time="0.03"/>
  <testcase name="upgradeToHDUnencrypted" classname="org.bitcoinj.wallet.WalletTest" time="0.055"/>
  <testcase name="exceptionsDoNotBlockAllListeners" classname="org.bitcoinj.wallet.WalletTest" time="0.029"/>
  <testcase name="checkSeed" classname="org.bitcoinj.wallet.WalletTest" time="0.026"/>
  <testcase name="scriptCreationTime" classname="org.bitcoinj.wallet.WalletTest" time="0.054"/>
  <testcase name="getWatchedAddresses" classname="org.bitcoinj.wallet.WalletTest" time="0.026"/>
  <testcase name="autosaveImmediate" classname="org.bitcoinj.wallet.WalletTest" time="0.104"/>
  <testcase name="transactionsList" classname="org.bitcoinj.wallet.WalletTest" time="0.031"/>
  <testcase name="encryptionDecryptionPasswordBasic" classname="org.bitcoinj.wallet.WalletTest" time="0.598"/>
  <testcase name="totalReceivedSent" classname="org.bitcoinj.wallet.WalletTest" time="0.032"/>
  <testcase name="testEmptyWallet" classname="org.bitcoinj.wallet.WalletTest" time="0.031"/>
  <testcase name="basicSpending" classname="org.bitcoinj.wallet.WalletTest" time="0.036"/>
  <testcase name="basicCategoryStepTest" classname="org.bitcoinj.wallet.WalletTest" time="0">
    <skipped message="disabled for now as this test is not maintainable"/>
  </testcase>
  <testcase name="cleanup" classname="org.bitcoinj.wallet.WalletTest" time="0.031"/>
  <testcase name="sendCoinsNoBroadcasterTest" classname="org.bitcoinj.wallet.WalletTest" time="0.027"/>
  <testcase name="autosaveDelayed" classname="org.bitcoinj.wallet.WalletTest" time="3.071"/>
  <testcase name="completeTxPartiallySignedWithEmptySig" classname="org.bitcoinj.wallet.WalletTest" time="0.032"/>
  <testcase name="importAndEncrypt" classname="org.bitcoinj.wallet.WalletTest" time="0.897"/>
  <testcase name="doubleSpends" classname="org.bitcoinj.wallet.WalletTest" time="0.032"/>
  <testcase name="basicSpendingFromP2SH" classname="org.bitcoinj.wallet.WalletTest" time="0.385"/>
  <testcase name="duplicatedBlock" classname="org.bitcoinj.wallet.WalletTest" time="0.027"/>
  <testcase name="completeTxPartiallySignedMarriedWithEmptySig" classname="org.bitcoinj.wallet.WalletTest" time="0.112"/>
  <testcase name="watchingScriptsBloomFilter" classname="org.bitcoinj.wallet.WalletTest" time="0.03"/>
  <testcase name="isTxConsistentReturnsFalseAsExpected_WhenAvailableForSpendingEqualsFalse" classname="org.bitcoinj.wallet.WalletTest" time="0.053"/>
  <testcase name="transactionSignersShouldBeSerializedAlongWithWallet" classname="org.bitcoinj.wallet.WalletTest" time="0.033"/>
  <testcase name="pubkeyOnlyScripts" classname="org.bitcoinj.wallet.WalletTest" time="0.029"/>
  <testcase name="outOfOrderPendingTxns" classname="org.bitcoinj.wallet.WalletTest" time="0.029"/>
  <testcase name="basicSpendingWithEncryptedWallet" classname="org.bitcoinj.wallet.WalletTest" time="0.892"/>
  <testcase name="encryptionDecryptionCheckExceptions" classname="org.bitcoinj.wallet.WalletTest" time="0.643"/>
  <testcase name="removeWatchedAddresses" classname="org.bitcoinj.wallet.WalletTest" time="0.028"/>
  <testcase name="isConsistent_duplicates" classname="org.bitcoinj.wallet.WalletTest" time="0.027"/>
  <testcase name="watchingMarriedWallet" classname="org.bitcoinj.wallet.WalletTest" time="0.089"/>
  <testcase name="sendRequestP2PKTest" classname="org.bitcoinj.wallet.WalletTest" time="0.027"/>
  <testcase name="watchingScripts" classname="org.bitcoinj.wallet.WalletTest" time="0.027"/>
  <testcase name="keyEvents" classname="org.bitcoinj.wallet.WalletTest" time="0.054"/>
  <testcase name="transactions" classname="org.bitcoinj.wallet.WalletTest" time="0.028"/>
  <testcase name="feeSolverAndCoinSelectionTests2" classname="org.bitcoinj.wallet.WalletTest" time="0.043"/>
  <testcase name="sortTxnsByDependency" classname="org.bitcoinj.wallet.WalletTest" time="0.037"/>
  <testcase name="encryptionDecryptionAESBasic" classname="org.bitcoinj.wallet.WalletTest" time="1.177"/>
</testsuite>